public login at 2015-12-09 08:23:54
public login at 2015-12-09 08:28:42
huangjxc login at 2015-12-09 08:34:05
public login at 2015-12-09 08:36:33
buaa login at 2015-12-09 08:37:00
public login at 2015-12-09 08:38:14
buaa login at 2015-12-09 08:41:20
public login at 2015-12-09 08:42:55
buaa login at 2015-12-09 08:42:56
buaa login at 2015-12-09 08:43:38
buaa login at 2015-12-09 08:44:07
buaa login at 2015-12-09 08:45:37
buaa login at 2015-12-09 08:47:47
buaa login at 2015-12-09 08:48:41
buaa login at 2015-12-09 08:49:10
buaa login at 2015-12-09 08:49:19
buaa login at 2015-12-09 08:50:00
buaa login at 2015-12-09 08:50:03
buaa login at 2015-12-09 08:50:13
public login at 2015-12-09 08:50:48
public login at 2015-12-09 08:51:02
public login at 2015-12-09 08:51:08
public login at 2016-06-14 23:54:25
0
测试系统 [{"id":"root","parent":"#","text":"测试系统","icon":"glyphicon glyphicon-home"},{"id":"j7_1","parent":"root","text":"底盘","icon":"glyphicon glyphicon-screenshot"},{"id":"j7_2","parent":"root","text":"机构","icon":"glyphicon glyphicon-screenshot"},{"id":"j7_3","parent":"root","text":"炮筒","icon":"glyphicon glyphicon-screenshot"},{"id":"j7_4","parent":"root","text":"液压","icon":"glyphicon glyphicon-screenshot"},{"id":"j7_5","parent":"root","text":"支腿","icon":"glyphicon glyphicon-screenshot"},{"id":"j7_6","parent":"j7_5","text":"液压缸","icon":"glyphicon glyphicon-screenshot"}]
public login at 2016-06-15 00:03:47
public login at 2016-06-15 00:19:08
public login at 2016-06-15 00:19:18
public login at 2016-06-15 00:19:47
public login at 2016-06-15 00:20:32
public login at 2016-06-15 00:37:09
